<?xml version="1.0" encoding="UTF-8"?>
<testng-results ignored="0" total="1" passed="1" failed="0" skipped="0">
  <reporter-output>
  </reporter-output>
  <suite started-at="2026-06-05T10:57:18 IST" name="Default suite" finished-at="2026-06-05T10:57:27 IST" duration-ms="9422">
    <groups>
    </groups>
    <test started-at="2026-06-05T10:57:18 IST" name="Default test" finished-at="2026-06-05T10:57:27 IST" duration-ms="9422">
      <class name="tests.LoginTest">
        <test-method is-config="true" signature="setUp()[pri:0, instance:tests.LoginTest@4c402120]" started-at="2026-06-05T10:57:18 IST" name="setUp" finished-at="2026-06-05T10:57:26 IST" duration-ms="8173" status="PASS">
          <reporter-output>
          </reporter-output>
        </test-method> <!-- setUp -->
        <test-method signature="verifyLogin()[pri:0, instance:tests.LoginTest@4c402120]" started-at="2026-06-05T10:57:26 IST" name="verifyLogin" finished-at="2026-06-05T10:57:27 IST" duration-ms="834" status="PASS">
          <reporter-output>
          </reporter-output>
        </test-method> <!-- verifyLogin -->
        <test-method is-config="true" signature="setDown()[pri:0, instance:tests.LoginTest@4c402120]" started-at="2026-06-05T10:57:27 IST" name="setDown" finished-at="2026-06-05T10:57:27 IST" duration-ms="333" status="PASS">
          <reporter-output>
          </reporter-output>
        </test-method> <!-- setDown -->
      </class> <!-- tests.LoginTest -->
    </test> <!-- Default test -->
  </suite> <!-- Default suite -->
</testng-results>
